<?xml version="1.0" encoding="UTF-8"?>
<!-- Generated by org.testng.reporters.JUnitReportReporter -->
<testsuite hostname="Arun" failures="0" tests="1" name="com.Nihosclientsoftz.testscript.CustomerModule" time="0.013" errors="0" timestamp="2024-06-11T20:26:32 IST" skipped="0">
  <testcase classname="com.Nihosclientsoftz.testscript.CustomerModule" name="CreateCustomer" time="0.013"/>
  <system-out>
    <![CDATA[hello world]]>
  </system-out>
</testsuite> <!-- com.Nihosclientsoftz.testscript.CustomerModule -->
